# JRE version: OpenJDK Runtime Environment (17.0.2+8) (build 17.0.2+8-86)
# Java VM: OpenJDK 64-Bit Server VM (17.0.2+8-86, mixed mode, emulated-client, sharing, tiered, compressed oops, compressed class ptrs, g1 gc, bsd-amd64)
GC Precious Log:
 CPUs: 4 total, 4 available
 Memory: 8192M
 Large Page Support: Disabled
 NUMA Support: Disabled
 Compressed Oops: Enabled (Zero based)
 Heap Region Size: 1M
 Heap Min Capacity: 8M
 Heap Initial Capacity: 128M
 Heap Max Capacity: 2G
 Pre-touch: Disabled
 Parallel Workers: 4
 Concurrent Workers: 1
 Concurrent Refinement Workers: 4
 Periodic GC: Disabled
Heap:
 garbage-first heap   total 108544K, used 79504K [0x0000000780000000, 0x0000000800000000)
  region size 1024K, 44 young (45056K), 6 survivors (6144K)
 Metaspace       used 55597K, committed 56064K, reserved 1097728K
  class space    used 7850K, committed 8064K, reserved 1048576K
GC Heap History (20 events):
Event: 9.380 GC heap after
{Heap after GC invocations=9 (full 0):
 garbage-first heap   total 61440K, used 20135K [0x0000000780000000, 0x0000000800000000)
  region size 1024K, 2 young (2048K), 2 survivors (2048K)
 Metaspace       used 33347K, committed 33728K, reserved 1081344K
  class space    used 4675K, committed 4864K, reserved 1048576K
}
Event: 9.702 GC heap before
{Heap before GC invocations=9 (full 0):
 garbage-first heap   total 61440K, used 27303K [0x0000000780000000, 0x0000000800000000)
  region size 1024K, 11 young (11264K), 2 survivors (2048K)
 Metaspace       used 35604K, committed 35968K, reserved 1081344K
  class space    used 4920K, committed 5120K, reserved 1048576K
}
Event: 9.706 GC heap after
{Heap after GC invocations=10 (full 0):
 garbage-first heap   total 61440K, used 20770K [0x0000000780000000, 0x0000000800000000)
  region size 1024K, 3 young (3072K), 3 survivors (3072K)
 Metaspace       used 35604K, committed 35968K, reserved 1081344K
  class space    used 4920K, committed 5120K, reserved 1048576K
}
Event: 10.906 GC heap before
{Heap before GC invocations=11 (full 0):
 garbage-first heap   total 61440K, used 45346K [0x0000000780000000, 0x0000000800000000)
  region size 1024K, 28 young (28672K), 3 survivors (3072K)
 Metaspace       used 40078K, committed 40448K, reserved 1089536K
  class space    used 5710K, committed 5888K, reserved 1048576K
}
Event: 10.914 GC heap after
{Heap after GC invocations=12 (full 0):
 garbage-first heap   total 61440K, used 22034K [0x0000000780000000, 0x0000000800000000)
  region size 1024K, 2 young (2048K), 2 survivors (2048K)
 Metaspace       used 40078K, committed 40448K, reserved 1089536K
  class space    used 5710K, committed 5888K, reserved 1048576K
}
Event: 10.961 GC heap before
{Heap before GC invocations=12 (full 0):
 garbage-first heap   total 61440K, used 22034K [0x0000000780000000, 0x0000000800000000)
  region size 1024K, 3 young (3072K), 2 survivors (2048K)
 Metaspace       used 40215K, committed 40576K, reserved 1089536K
  class space    used 5728K, committed 5888K, reserved 1048576K
}
Event: 10.968 GC heap after
{Heap after GC invocations=13 (full 0):
 garbage-first heap   total 61440K, used 21897K [0x0000000780000000, 0x0000000800000000)
  region size 1024K, 1 young (1024K), 1 survivors (1024K)
 Metaspace       used 40215K, committed 40576K, reserved 1089536K
  class space    used 5728K, committed 5888K, reserved 1048576K
}
Event: 11.472 GC heap before
{Heap before GC invocations=13 (full 0):
 garbage-first heap   total 61440K, used 46473K [0x0000000780000000, 0x0000000800000000)
  region size 1024K, 25 young (25600K), 1 survivors (1024K)
 Metaspace       used 42753K, committed 43200K, reserved 1089536K
  class space    used 6118K, committed 6336K, reserved 1048576K
}
Event: 11.477 GC heap after
{Heap after GC invocations=14 (full 0):
 garbage-first heap   total 61440K, used 22997K [0x0000000780000000, 0x0000000800000000)
  region size 1024K, 2 young (2048K), 2 survivors (2048K)
 Metaspace       used 42753K, committed 43200K, reserved 1089536K
  class space    used 6118K, committed 6336K, reserved 1048576K
}
Event: 11.988 GC heap before
{Heap before GC invocations=14 (full 0):
 garbage-first heap   total 61440K, used 46549K [0x0000000780000000, 0x0000000800000000)
  region size 1024K, 25 young (25600K), 2 survivors (2048K)
 Metaspace       used 44155K, committed 44544K, reserved 1089536K
  class space    used 6307K, committed 6464K, reserved 1048576K
}
Event: 11.993 GC heap after
{Heap after GC invocations=15 (full 0):
 garbage-first heap   total 61440K, used 24327K [0x0000000780000000, 0x0000000800000000)
  region size 1024K, 3 young (3072K), 3 survivors (3072K)
 Metaspace       used 44155K, committed 44544K, reserved 1089536K
  class space    used 6307K, committed 6464K, reserved 1048576K
}
Event: 12.879 GC heap before
{Heap before GC invocations=15 (full 0):
 garbage-first heap   total 61440K, used 47879K [0x0000000780000000, 0x0000000800000000)
  region size 1024K, 26 young (26624K), 3 survivors (3072K)
 Metaspace       used 47322K, committed 47808K, reserved 1097728K
  class space    used 6764K, committed 6976K, reserved 1048576K
}
Event: 12.887 GC heap after
{Heap after GC invocations=16 (full 0):
 garbage-first heap   total 61440K, used 26703K [0x0000000780000000, 0x0000000800000000)
  region size 1024K, 4 young (4096K), 4 survivors (4096K)
 Metaspace       used 47322K, committed 47808K, reserved 1097728K
  class space    used 6764K, committed 6976K, reserved 1048576K
}
Event: 13.477 GC heap before
{Heap before GC invocations=16 (full 0):
 garbage-first heap   total 61440K, used 48207K [0x0000000780000000, 0x0000000800000000)
  region size 1024K, 25 young (25600K), 4 survivors (4096K)
 Metaspace       used 49711K, committed 50240K, reserved 1097728K
  class space    used 7121K, committed 7360K, reserved 1048576K
}
Event: 13.487 GC heap after
{Heap after GC invocations=17 (full 0):
 garbage-first heap   total 61440K, used 28354K [0x0000000780000000, 0x0000000800000000)
  region size 1024K, 2 young (2048K), 2 survivors (2048K)
 Metaspace       used 49711K, committed 50240K, reserved 1097728K
  class space    used 7121K, committed 7360K, reserved 1048576K
}
Event: 26.912 GC heap before
{Heap before GC invocations=17 (full 0):
 garbage-first heap   total 61440K, used 47810K [0x0000000780000000, 0x0000000800000000)
  region size 1024K, 22 young (22528K), 2 survivors (2048K)
 Metaspace       used 54286K, committed 54720K, reserved 1097728K
  class space    used 7678K, committed 7872K, reserved 1048576K
}
Event: 26.919 GC heap after
{Heap after GC invocations=18 (full 0):
 garbage-first heap   total 108544K, used 29032K [0x0000000780000000, 0x0000000800000000)
  region size 1024K, 3 young (3072K), 3 survivors (3072K)
 Metaspace       used 54286K, committed 54720K, reserved 1097728K
  class space    used 7678K, committed 7872K, reserved 1048576K
}
Event: 34584.394 GC heap before
{Heap before GC invocations=18 (full 0):
 garbage-first heap   total 108544K, used 83304K [0x0000000780000000, 0x0000000800000000)
  region size 1024K, 56 young (57344K), 3 survivors (3072K)
 Metaspace       used 55596K, committed 56064K, reserved 1097728K
  class space    used 7850K, committed 8064K, reserved 1048576K
}
Event: 34584.783 GC heap after
{Heap after GC invocations=19 (full 0):
 garbage-first heap   total 108544K, used 40592K [0x0000000780000000, 0x0000000800000000)
  region size 1024K, 7 young (7168K), 7 survivors (7168K)
 Metaspace       used 55596K, committed 56064K, reserved 1097728K
  class space    used 7850K, committed 8064K, reserved 1048576K
}
Event: 66657.743 GC heap before
{Heap before GC invocations=19 (full 0):
 garbage-first heap   total 108544K, used 79504K [0x0000000780000000, 0x0000000800000000)
  region size 1024K, 45 young (46080K), 7 survivors (7168K)
 Metaspace       used 55597K, committed 56064K, reserved 1097728K
  class space    used 7850K, committed 8064K, reserved 1048576K
}

